<?xml version="1.0" encoding="UTF-8"?>
<testsuite xmlns:xsi="http://www.w3.org/2001/XMLSchema-instance" xsi:noNamespaceSchemaLocation="https://maven.apache.org/surefire/maven-surefire-plugin/xsd/surefire-test-report-3.0.xsd" version="3.0" name="com.oceanview.service.ReservationServiceTest" time="0.122" tests="10" errors="0" skipped="0" failures="0">
  <properties>
[...]
</properties>
  <testcase name="createReservation_roomNotFound_fails" classname="com.oceanview.service.ReservationServiceTest" time="0.085">
    <system-out><![CDATA[2026-03-05 18:17:54.337 [main] DEBUG c.o.s.impl.ReservationServiceImpl - createReservation: guestId=guest-001 roomId=nonexistent checkIn=2026-03-06 checkOut=2026-03-08 numGuests=1 createdBy=user-001
]]></system-out>
  </testcase>
  <testcase name="createReservation_pastCheckIn_fails" classname="com.oceanview.service.ReservationServiceTest" time="0.003">
    <system-out><![CDATA[2026-03-05 18:17:54.343 [main] DEBUG c.o.s.impl.ReservationServiceImpl - createReservation: guestId=guest-001 roomId=room-001 checkIn=2026-03-04 checkOut=2026-03-07 numGuests=1 createdBy=user-001
]]></system-out>
  </testcase>
  <testcase name="createReservation_zeroGuests_fails" classname="com.oceanview.service.ReservationServiceTest" time="0.005">
    <system-out><![CDATA[2026-03-05 18:17:54.347 [main] DEBUG c.o.s.impl.ReservationServiceImpl - createReservation: guestId=guest-001 roomId=room-001 checkIn=2026-03-06 checkOut=2026-03-08 numGuests=0 createdBy=user-001
]]></system-out>
  </testcase>
  <testcase name="createReservation_noGuest_fails" classname="com.oceanview.service.ReservationServiceTest" time="0.003">
    <system-out><![CDATA[2026-03-05 18:17:54.352 [main] DEBUG c.o.s.impl.ReservationServiceImpl - createReservation: guestId= roomId=room-001 checkIn=2026-03-06 checkOut=2026-03-08 numGuests=1 createdBy=user-001
]]></system-out>
  </testcase>
  <testcase name="checkIn_notConfirmed_fails" classname="com.oceanview.service.ReservationServiceTest" time="0.003">
    <system-out><![CDATA[2026-03-05 18:17:54.356 [main] DEBUG c.o.s.impl.ReservationServiceImpl - checkIn: reservationId=res-001 staffId=staff-001
]]></system-out>
  </testcase>
  <testcase name="createReservation_capacityExceeded_fails" classname="com.oceanview.service.ReservationServiceTest" time="0.002">
    <system-out><![CDATA[2026-03-05 18:17:54.360 [main] DEBUG c.o.s.impl.ReservationServiceImpl - createReservation: guestId=guest-001 roomId=room-001 checkIn=2026-03-06 checkOut=2026-03-08 numGuests=5 createdBy=user-001
]]></system-out>
  </testcase>
  <testcase name="createReservation_invalidDates_fails" classname="com.oceanview.service.ReservationServiceTest" time="0.002">
    <system-out><![CDATA[2026-03-05 18:17:54.363 [main] DEBUG c.o.s.impl.ReservationServiceImpl - createReservation: guestId=guest-001 roomId=room-001 checkIn=2026-03-10 checkOut=2026-03-07 numGuests=1 createdBy=user-001
]]></system-out>
  </testcase>
  <testcase name="cancelReservation_checkedOut_fails" classname="com.oceanview.service.ReservationServiceTest" time="0.003">
    <system-out><![CDATA[2026-03-05 18:17:54.366 [main] DEBUG c.o.s.impl.ReservationServiceImpl - cancelReservation: id=res-001
]]></system-out>
  </testcase>
  <testcase name="createReservation_noRoom_fails" classname="com.oceanview.service.ReservationServiceTest" time="0.003">
    <system-out><![CDATA[2026-03-05 18:17:54.369 [main] DEBUG c.o.s.impl.ReservationServiceImpl - createReservation: guestId=guest-001 roomId= checkIn=2026-03-06 checkOut=2026-03-08 numGuests=1 createdBy=user-001
]]></system-out>
  </testcase>
  <testcase name="createReservation_noCheckIn_fails" classname="com.oceanview.service.ReservationServiceTest" time="0.002">
    <system-out><![CDATA[2026-03-05 18:17:54.373 [main] DEBUG c.o.s.impl.ReservationServiceImpl - createReservation: guestId=guest-001 roomId=room-001 checkIn=null checkOut=2026-03-08 numGuests=1 createdBy=user-001
]]></system-out>
  </testcase>
</testsuite>