<?xml version="1.0" encoding="UTF-8"?>
<testsuite xmlns:xsi="http://www.w3.org/2001/XMLSchema-instance" xsi:noNamespaceSchemaLocation="https://maven.apache.org/surefire/maven-surefire-plugin/xsd/surefire-test-report-3.0.xsd" version="3.0" name="com.oceanview.service.RoomServiceTest" time="1.579" tests="8" errors="0" skipped="0" failures="0">
  <properties>
[...]
</properties>
  <testcase name="getRoom_notFound_returnsNull" classname="com.oceanview.service.RoomServiceTest" time="1.508">
    <system-out><![CDATA[2026-03-05 18:17:54.185 [main] DEBUG c.o.service.impl.RoomServiceImpl - getRoom: id=nonexistent
2026-03-05 18:17:54.189 [main] DEBUG c.o.service.impl.RoomServiceImpl - getRoom: not found for id=nonexistent
]]></system-out>
  </testcase>
  <testcase name="toggleMaintenance_available_makesUnavailable" classname="com.oceanview.service.RoomServiceTest" time="0.01">
    <system-out><![CDATA[2026-03-05 18:17:54.203 [main] DEBUG c.o.service.impl.RoomServiceImpl - toggleMaintenance: roomId=room-001
2026-03-05 18:17:54.204 [main] INFO  c.o.service.impl.RoomServiceImpl - toggleMaintenance: roomId=room-001 number='null' availability set to false
]]></system-out>
  </testcase>
  <testcase name="addRoom_valid_succeeds" classname="com.oceanview.service.RoomServiceTest" time="0.009">
    <system-out><![CDATA[2026-03-05 18:17:54.217 [main] DEBUG c.o.service.impl.RoomServiceImpl - addRoom: number='501' type='SUITE' floor=5 rate=25000.0
2026-03-05 18:17:54.219 [main] INFO  c.o.service.impl.RoomServiceImpl - addRoom: room saved id=c884bc4b-ddea-45b5-b403-2d9d692b58d8 number='501'
]]></system-out>
  </testcase>
  <testcase name="addRoom_duplicateNumber_fails" classname="com.oceanview.service.RoomServiceTest" time="0.004">
    <system-out><![CDATA[2026-03-05 18:17:54.226 [main] DEBUG c.o.service.impl.RoomServiceImpl - addRoom: number='101' type='STANDARD' floor=1 rate=8500.0
2026-03-05 18:17:54.226 [main] WARN  c.o.service.impl.RoomServiceImpl - addRoom: room number '101' already exists
]]></system-out>
  </testcase>
  <testcase name="addRoom_noRoomNumber_fails" classname="com.oceanview.service.RoomServiceTest" time="0.002">
    <system-out><![CDATA[2026-03-05 18:17:54.230 [main] DEBUG c.o.service.impl.RoomServiceImpl - addRoom: number='' type='STANDARD' floor=1 rate=8500.0
]]></system-out>
  </testcase>
  <testcase name="addRoom_noRoomType_fails" classname="com.oceanview.service.RoomServiceTest" time="0.002">
    <system-out><![CDATA[2026-03-05 18:17:54.233 [main] DEBUG c.o.service.impl.RoomServiceImpl - addRoom: number='101' type='' floor=1 rate=8500.0
]]></system-out>
  </testcase>
  <testcase name="addRoom_invalidRate_fails" classname="com.oceanview.service.RoomServiceTest" time="0.002">
    <system-out><![CDATA[2026-03-05 18:17:54.237 [main] DEBUG c.o.service.impl.RoomServiceImpl - addRoom: number='101' type='STANDARD' floor=1 rate=0.0
]]></system-out>
  </testcase>
  <testcase name="deleteRoom_notFound_fails" classname="com.oceanview.service.RoomServiceTest" time="0.002">
    <system-out><![CDATA[2026-03-05 18:17:54.241 [main] DEBUG c.o.service.impl.RoomServiceImpl - deleteRoom: id=fake-id
]]></system-out>
  </testcase>
</testsuite>